<?xml version="1.0" encoding="UTF-8"?>
<!-- Generated by org.testng.reporters.JUnitReportReporter -->
<testsuite hostname="DESKTOP-Q844QO6" failures="0" tests="1" name="basictest.launchbrowser" time="12.891" errors="0" timestamp="2025-03-06T08:36:20 IST" skipped="0">
  <testcase classname="basictest.launchbrowser" name="verifyhead" time="12.891"/>
</testsuite> <!-- basictest.launchbrowser -->
