<?xml version="1.0" encoding="UTF-8"?>
<!-- Generated by org.testng.reporters.JUnitReportReporter -->
<testsuite hostname="DESKTOP-Q844QO6" failures="0" tests="1" name="testcases.hometest" time="17.545" errors="0" timestamp="2025-03-12T08:34:59 IST" skipped="0">
  <testcase classname="testcases.hometest" name="verifylogo" time="17.545"/>
</testsuite> <!-- testcases.hometest -->
